Start testing: Mar 27 22:48 Финляндия (зима)
----------------------------------------------------------
Unable to find executable: mytests_NOT_BUILT
1/1 Testing: mytests_NOT_BUILT
1/1 Test: mytests_NOT_BUILT
Command: ""
Directory: D:/cpp/build
"mytests_NOT_BUILT" start time: 
Output:
----------------------------------------------------------
<end of output>
Test time =   0.00 sec
----------------------------------------------------------
Test Passed.
"mytests_NOT_BUILT" end time: Mar 27 22:48 Финляндия (зима)
"mytests_NOT_BUILT" time elapsed: 00:00:00
----------------------------------------------------------

End testing: Mar 27 22:48 Финляндия (зима)
