<?xml version="1.0" encoding="UTF-8"?>
<Site BuildName="(empty)"
	BuildStamp="20240327-2023-Experimental"
	Name="(empty)"
	Generator="ctest-3.29.0"
	CompilerName=""
	CompilerVersion=""
	OSName="Windows"
	Hostname="DESKTOP-6B80SRR"
	OSRelease=" Personal"
	OSVersion=" (Build 19045)"
	OSPlatform="AMD64"
	Is64Bits="1"
	VendorString="GenuineIntel"
	VendorID="Intel Corporation"
	FamilyID="6"
	ModelID="14"
	ProcessorCacheSize="-1"
	NumberOfLogicalCPU="4"
	NumberOfPhysicalCPU="2"
	TotalVirtualMemory="13930"
	TotalPhysicalMemory="8042"
	LogicalProcessorsPerPhysical="2"
	ProcessorClockFrequency="2315"
	>
	<Testing>
		<StartDateTime>Mar 27 22:48 [NON-UTF-8-BYTE-0xD4][NON-UTF-8-BYTE-0xE8][NON-UTF-8-BYTE-0xED][NON-UTF-8-BYTE-0xEB][NON-UTF-8-BYTE-0xFF][NON-UTF-8-BYTE-0xED][NON-UTF-8-BYTE-0xE4][NON-UTF-8-BYTE-0xE8][NON-UTF-8-BYTE-0xFF] ([NON-UTF-8-BYTE-0xE7][NON-UTF-8-BYTE-0xE8][NON-UTF-8-BYTE-0xEC][NON-UTF-8-BYTE-0xE0])</StartDateTime>
		<StartTestTime>1711572529</StartTestTime>
		<TestList>
			<Test>./mytests_NOT_BUILT</Test>
		</TestList>
		<Test Status="notrun">
			<Name>mytests_NOT_BUILT</Name>
			<Path>.</Path>
			<FullName>./mytests_NOT_BUILT</FullName>
			<FullCommandLine></FullCommandLine>
			<Results>
				<NamedMeasurement type="numeric/double" name="Processors">
					<Value>1</Value>
				</NamedMeasurement>
				<NamedMeasurement type="text/string" name="Completion Status">
					<Value>Unable to find executable</Value>
				</NamedMeasurement>
				<NamedMeasurement type="text/string" name="Command Line">
					<Value></Value>
				</NamedMeasurement>
				<NamedMeasurement type="text/string" name="Environment">
					<Value></Value>
				</NamedMeasurement>
				<Measurement>
					<Value>Unable to find executable: mytests_NOT_BUILT</Value>
				</Measurement>
			</Results>
		</Test>
		<EndDateTime>Mar 27 22:48 [NON-UTF-8-BYTE-0xD4][NON-UTF-8-BYTE-0xE8][NON-UTF-8-BYTE-0xED][NON-UTF-8-BYTE-0xEB][NON-UTF-8-BYTE-0xFF][NON-UTF-8-BYTE-0xED][NON-UTF-8-BYTE-0xE4][NON-UTF-8-BYTE-0xE8][NON-UTF-8-BYTE-0xFF] ([NON-UTF-8-BYTE-0xE7][NON-UTF-8-BYTE-0xE8][NON-UTF-8-BYTE-0xEC][NON-UTF-8-BYTE-0xE0])</EndDateTime>
		<EndTestTime>1711572529</EndTestTime>
		<ElapsedMinutes>0</ElapsedMinutes>
	</Testing>
</Site>
